0 info it worked if it ends with ok
1 verbose cli [ 'node', '/usr/local/bin/npm', 'publish', './' ]
2 info using npm@1.4.28
3 info using node@v0.10.38
4 verbose publish [ './' ]
5 verbose cache add [ './', null ]
6 verbose cache add name=undefined spec="./" args=["./",null]
7 verbose parsed url { protocol: null,
7 verbose parsed url   slashes: null,
7 verbose parsed url   auth: null,
7 verbose parsed url   host: null,
7 verbose parsed url   port: null,
7 verbose parsed url   hostname: null,
7 verbose parsed url   hash: null,
7 verbose parsed url   search: null,
7 verbose parsed url   query: null,
7 verbose parsed url   pathname: './',
7 verbose parsed url   path: './',
7 verbose parsed url   href: './' }
8 silly lockFile 0ee6c175- ./
9 verbose lock ./ /Users/jamesworth/.npm/0ee6c175-.lock
10 verbose tar pack [ '/Users/jamesworth/.npm/json2officexml-2/0.0.6/package.tgz',
10 verbose tar pack   './' ]
11 verbose tarball /Users/jamesworth/.npm/json2officexml-2/0.0.6/package.tgz
12 verbose folder ./
13 info prepublish json2officexml-2@0.0.6
14 silly lockFile 04cb2bca-tar tar://./
15 verbose lock tar://./ /Users/jamesworth/.npm/04cb2bca-tar.lock
16 silly lockFile 7e1ca97d-on2officexml-2-0-0-6-package-tgz tar:///Users/jamesworth/.npm/json2officexml-2/0.0.6/package.tgz
17 verbose lock tar:///Users/jamesworth/.npm/json2officexml-2/0.0.6/package.tgz /Users/jamesworth/.npm/7e1ca97d-on2officexml-2-0-0-6-package-tgz.lock
18 silly lockFile 04cb2bca-tar tar://./
19 silly lockFile 04cb2bca-tar tar://./
20 silly lockFile 7e1ca97d-on2officexml-2-0-0-6-package-tgz tar:///Users/jamesworth/.npm/json2officexml-2/0.0.6/package.tgz
21 silly lockFile 7e1ca97d-on2officexml-2-0-0-6-package-tgz tar:///Users/jamesworth/.npm/json2officexml-2/0.0.6/package.tgz
22 silly lockFile 9e119294-m-json2officexml-2-0-0-6-package /Users/jamesworth/.npm/json2officexml-2/0.0.6/package
23 verbose lock /Users/jamesworth/.npm/json2officexml-2/0.0.6/package /Users/jamesworth/.npm/9e119294-m-json2officexml-2-0-0-6-package.lock
24 silly lockFile 9e119294-m-json2officexml-2-0-0-6-package /Users/jamesworth/.npm/json2officexml-2/0.0.6/package
25 silly lockFile 9e119294-m-json2officexml-2-0-0-6-package /Users/jamesworth/.npm/json2officexml-2/0.0.6/package
26 silly lockFile 0ee6c175- ./
27 silly lockFile 0ee6c175- ./
28 silly publish { name: 'json2officexml-2',
28 silly publish   description: 'Fix for the Minimalist JSON to XLS (Excel Office XML) writer.',
28 silly publish   version: '0.0.6',
28 silly publish   author: { name: 'Pierre Metrailler', email: 'pierre@shockfish.com' },
28 silly publish   contributors: [ { name: 'James Worth', email: 'jamesworth93@gmail.com' } ],
28 silly publish   repository:
28 silly publish    { type: 'git',
28 silly publish      url: 'git://github.com/JamesWorth93/node-json2officexml-2.git' },
28 silly publish   keywords: [ 'xls' ],
28 silly publish   main: './lib/json2officexml',
28 silly publish   dependencies: { xmlbuilder: '~4.1.0' },
28 silly publish   scripts: { test: 'for i in tests/test*.js; do node "$i"; done' },
28 silly publish   engines: { node: '>= 0.1.100' },
28 silly publish   devDependencies: {},
28 silly publish   readme: '### JSON2OfficeXML\n\n*Created by `pimetrai` (https://github.com/pimetrai/node-json2officexml)*\n\n*Fixed by `JamesWorth` for a newer XMLBuilder version*\n',
28 silly publish   readmeFilename: 'README.md',
28 silly publish   gitHead: 'd2c7166bbc6f4bb3f7d8c53018e620d8d43898ea',
28 silly publish   bugs: { url: 'https://github.com/JamesWorth93/node-json2officexml-2/issues' },
28 silly publish   homepage: 'https://github.com/JamesWorth93/node-json2officexml-2',
28 silly publish   _id: 'json2officexml-2@0.0.6',
28 silly publish   _shasum: 'be09bd2fefd17bda751759bb357254e558fcb6dd',
28 silly publish   _from: './' }
29 verbose request where is /json2officexml-2
30 verbose request registry https://registry.npmjs.org/
31 verbose request id 4c624d22c7bc1f89
32 verbose url raw /json2officexml-2
33 verbose url resolving [ 'https://registry.npmjs.org/', './json2officexml-2' ]
34 verbose url resolved https://registry.npmjs.org/json2officexml-2
35 verbose request where is https://registry.npmjs.org/json2officexml-2
36 info trying registry request attempt 1 at 11:56:03
37 http PUT https://registry.npmjs.org/json2officexml-2
38 http 403 https://registry.npmjs.org/json2officexml-2
39 verbose headers { 'content-type': 'application/json',
39 verbose headers   'cache-control': 'max-age=60',
39 verbose headers   'content-length': '95',
39 verbose headers   'accept-ranges': 'bytes',
39 verbose headers   date: 'Fri, 20 Nov 2015 10:56:05 GMT',
39 verbose headers   via: '1.1 varnish',
39 verbose headers   connection: 'keep-alive',
39 verbose headers   'x-served-by': 'cache-fra1242-FRA',
39 verbose headers   'x-cache': 'MISS',
39 verbose headers   'x-cache-hits': '0',
39 verbose headers   'x-timer': 'S1448016963.803273,VS0,VE1577' }
40 error publish Failed PUT 403
41 error Error: "You cannot publish over the previously published version 0.0.6." : json2officexml-2
41 error     at RegClient.<anonymous> (/usr/local/lib/node_modules/npm/node_modules/npm-registry-client/lib/request.js:308:14)
41 error     at Request._callback (/usr/local/lib/node_modules/npm/node_modules/npm-registry-client/lib/request.js:246:65)
41 error     at Request.self.callback (/usr/local/lib/node_modules/npm/node_modules/request/request.js:236:22)
41 error     at Request.emit (events.js:98:17)
41 error     at Request.<anonymous> (/usr/local/lib/node_modules/npm/node_modules/request/request.js:1142:14)
41 error     at Request.emit (events.js:117:20)
41 error     at IncomingMessage.<anonymous> (/usr/local/lib/node_modules/npm/node_modules/request/request.js:1096:12)
41 error     at IncomingMessage.emit (events.js:117:20)
41 error     at _stream_readable.js:944:16
41 error     at process._tickCallback (node.js:448:13)
42 error If you need help, you may report this *entire* log,
42 error including the npm and node versions, at:
42 error     <http://github.com/npm/npm/issues>
43 error System Darwin 14.5.0
44 error command "node" "/usr/local/bin/npm" "publish" "./"
45 error cwd /Users/jamesworth/Dev/node-json2officexml-2
46 error node -v v0.10.38
47 error npm -v 1.4.28
48 verbose exit [ 1, true ]
